<?xml version="1.0" encoding="UTF-8"?>
<testsuite xmlns:xsi="http://www.w3.org/2001/XMLSchema-instance" xsi:noNamespaceSchemaLocation="https://maven.apache.org/surefire/maven-surefire-plugin/xsd/surefire-test-report-3.0.xsd" version="3.0" name="org.example.AppTest" time="0.009" tests="1" errors="0" skipped="0" failures="0">
  <properties>
    <property name="java.specification.version" value="23"/>
    <property name="sun.jnu.encoding" value="UTF-8"/>
    <property name="java.class.path" value="/Users/valentinzadorozhniy/IdeaProjects/basic_maven/CustomArchetypeMaven/out/test-classes:/Users/valentinzadorozhniy/IdeaProjects/basic_maven/CustomArchetypeMaven/out/classes:/Users/valentinzadorozhniy/.m2/repository/junit/junit/3.8.1/junit-3.8.1.jar:/Users/valentinzadorozhniy/.m2/repository/org/springframework/spring-beans/6.2.1/spring-beans-6.2.1.jar:/Users/valentinzadorozhniy/.m2/repository/org/springframework/spring-core/6.2.1/spring-core-6.2.1.jar:/Users/valentinzadorozhniy/.m2/repository/org/springframework/spring-jcl/6.2.1/spring-jcl-6.2.1.jar:/Users/valentinzadorozhniy/.m2/repository/org/springframework/spring-webmvc/6.2.1/spring-webmvc-6.2.1.jar:/Users/valentinzadorozhniy/.m2/repository/org/springframework/spring-aop/6.2.1/spring-aop-6.2.1.jar:/Users/valentinzadorozhniy/.m2/repository/org/springframework/spring-context/6.2.1/spring-context-6.2.1.jar:/Users/valentinzadorozhniy/.m2/repository/io/micrometer/micrometer-observation/1.14.2/micrometer-observation-1.14.2.jar:/Users/valentinzadorozhniy/.m2/repository/io/micrometer/micrometer-commons/1.14.2/micrometer-commons-1.14.2.jar:/Users/valentinzadorozhniy/.m2/repository/org/springframework/spring-expression/6.2.1/spring-expression-6.2.1.jar:/Users/valentinzadorozhniy/.m2/repository/org/springframework/spring-web/6.2.1/spring-web-6.2.1.jar:"/>
    <property name="java.vm.vendor" value="Oracle Corporation"/>
    <property name="sun.arch.data.model" value="64"/>
    <property name="java.vendor.url" value="https://java.oracle.com/"/>
    <property name="os.name" value="Mac OS X"/>
    <property name="java.vm.specification.version" value="23"/>
    <property name="sun.java.launcher" value="SUN_STANDARD"/>
    <property name="user.country" value="RU"/>
    <property name="sun.boot.library.path" value="/Users/valentinzadorozhniy/Library/Java/JavaVirtualMachines/openjdk-23.0.1/Contents/Home/lib"/>
    <property name="sun.java.command" value="/Users/valentinzadorozhniy/IdeaProjects/basic_maven/CustomArchetypeMaven/out/surefire/surefirebooter-20250114125558379_3.jar /Users/valentinzadorozhniy/IdeaProjects/basic_maven/CustomArchetypeMaven/out/surefire 2025-01-14T12-55-58_343-jvmRun1 surefire-20250114125558379_1tmp surefire_0-20250114125558379_2tmp"/>
    <property name="http.nonProxyHosts" value="local|*.local|169.254/16|*.169.254/16"/>
    <property name="jdk.debug" value="release"/>
    <property name="surefire.test.class.path" value="/Users/valentinzadorozhniy/IdeaProjects/basic_maven/CustomArchetypeMaven/out/test-classes:/Users/valentinzadorozhniy/IdeaProjects/basic_maven/CustomArchetypeMaven/out/classes:/Users/valentinzadorozhniy/.m2/repository/junit/junit/3.8.1/junit-3.8.1.jar:/Users/valentinzadorozhniy/.m2/repository/org/springframework/spring-beans/6.2.1/spring-beans-6.2.1.jar:/Users/valentinzadorozhniy/.m2/repository/org/springframework/spring-core/6.2.1/spring-core-6.2.1.jar:/Users/valentinzadorozhniy/.m2/repository/org/springframework/spring-jcl/6.2.1/spring-jcl-6.2.1.jar:/Users/valentinzadorozhniy/.m2/repository/org/springframework/spring-webmvc/6.2.1/spring-webmvc-6.2.1.jar:/Users/valentinzadorozhniy/.m2/repository/org/springframework/spring-aop/6.2.1/spring-aop-6.2.1.jar:/Users/valentinzadorozhniy/.m2/repository/org/springframework/spring-context/6.2.1/spring-context-6.2.1.jar:/Users/valentinzadorozhniy/.m2/repository/io/micrometer/micrometer-observation/1.14.2/micrometer-observation-1.14.2.jar:/Users/valentinzadorozhniy/.m2/repository/io/micrometer/micrometer-commons/1.14.2/micrometer-commons-1.14.2.jar:/Users/valentinzadorozhniy/.m2/repository/org/springframework/spring-expression/6.2.1/spring-expression-6.2.1.jar:/Users/valentinzadorozhniy/.m2/repository/org/springframework/spring-web/6.2.1/spring-web-6.2.1.jar:"/>
    <property name="sun.cpu.endian" value="little"/>
    <property name="user.home" value="/Users/valentinzadorozhniy"/>
    <property name="user.language" value="ru"/>
    <property name="java.specification.vendor" value="Oracle Corporation"/>
    <property name="java.version.date" value="2024-10-15"/>
    <property name="java.home" value="/Users/valentinzadorozhniy/Library/Java/JavaVirtualMachines/openjdk-23.0.1/Contents/Home"/>
    <property name="file.separator" value="/"/>
    <property name="basedir" value="/Users/valentinzadorozhniy/IdeaProjects/basic_maven/CustomArchetypeMaven"/>
    <property name="java.vm.compressedOopsMode" value="Zero based"/>
    <property name="line.separator" value="&#10;"/>
    <property name="java.vm.specification.vendor" value="Oracle Corporation"/>
    <property name="java.specification.name" value="Java Platform API Specification"/>
    <property name="apple.awt.application.name" value="ForkedBooter"/>
    <property name="surefire.real.class.path" value="/Users/valentinzadorozhniy/IdeaProjects/basic_maven/CustomArchetypeMaven/out/surefire/surefirebooter-20250114125558379_3.jar"/>
    <property name="sun.management.compiler" value="HotSpot 64-Bit Tiered Compilers"/>
    <property name="ftp.nonProxyHosts" value="local|*.local|169.254/16|*.169.254/16"/>
    <property name="java.runtime.version" value="23.0.1+11-39"/>
    <property name="user.name" value="valentinzadorozhniy"/>
    <property name="stdout.encoding" value="UTF-8"/>
    <property name="path.separator" value=":"/>
    <property name="os.version" value="14.6.1"/>
    <property name="java.runtime.name" value="OpenJDK Runtime Environment"/>
    <property name="file.encoding" value="UTF-8"/>
    <property name="java.vm.name" value="OpenJDK 64-Bit Server VM"/>
    <property name="localRepository" value="/Users/valentinzadorozhniy/.m2/repository"/>
    <property name="java.vendor.url.bug" value="https://bugreport.java.com/bugreport/"/>
    <property name="java.io.tmpdir" value="/var/folders/f3/jd1wx1vx5g30x2k5h4zd6pfr0000gn/T/"/>
    <property name="idea.version" value="2024.3"/>
    <property name="java.version" value="23.0.1"/>
    <property name="user.dir" value="/Users/valentinzadorozhniy/IdeaProjects/basic_maven/CustomArchetypeMaven"/>
    <property name="os.arch" value="aarch64"/>
    <property name="java.vm.specification.name" value="Java Virtual Machine Specification"/>
    <property name="native.encoding" value="UTF-8"/>
    <property name="java.library.path" value="/Users/valentinzadorozhniy/Library/Java/Extensions:/Library/Java/Extensions:/Network/Library/Java/Extensions:/System/Library/Java/Extensions:/usr/lib/java:."/>
    <property name="java.vm.info" value="mixed mode, sharing"/>
    <property name="stderr.encoding" value="UTF-8"/>
    <property name="java.vendor" value="Oracle Corporation"/>
    <property name="java.vm.version" value="23.0.1+11-39"/>
    <property name="sun.io.unicode.encoding" value="UnicodeBig"/>
    <property name="socksNonProxyHosts" value="local|*.local|169.254/16|*.169.254/16"/>
    <property name="java.class.version" value="67.0"/>
  </properties>
  <testcase name="testApp" classname="org.example.AppTest" time="0.002"/>
</testsuite>